<?xml version="1.0" encoding="UTF-8"?>
<!-- Generated by org.testng.reporters.JUnitReportReporter -->
<testsuite hostname="DESKTOP-8FH7UIS" failures="0" tests="1" name="workplace.FlightBookingTest" time="9.444" errors="0" timestamp="2019-09-11T17:39:58 IST" skipped="0">
  <testcase classname="workplace.FlightBookingTest" name="testThatResultsAppearForAOneWayJourney" time="9.444"/>
</testsuite> <!-- workplace.FlightBookingTest -->
