<?xml version="1.0" encoding="UTF-8"?>
<!-- Generated by org.testng.reporters.JUnitReportReporter -->
<testsuite hostname="DESKTOP-8FH7UIS" failures="0" tests="1" name="workplace.HotelBooking" time="20.364" errors="0" timestamp="2019-09-10T18:18:25 IST" skipped="0">
  <testcase classname="workplace.HotelBooking" name="shouldBeAbleToSearchForHotels" time="20.364"/>
</testsuite> <!-- workplace.HotelBooking -->
