<?xml version="1.0" encoding="UTF-8"?>
<!-- Generated by org.testng.reporters.JUnitReportReporter -->
<testsuite hostname="DESKTOP-8FH7UIS" failures="0" tests="1" name="workplace.FlightBookingTest" time="7.879" errors="0" timestamp="2019-09-10T18:18:25 IST" skipped="0">
  <testcase classname="workplace.FlightBookingTest" name="testThatResultsAppearForAOneWayJourney" time="7.879"/>
</testsuite> <!-- workplace.FlightBookingTest -->
