<?xml version="1.0" encoding="UTF-8"?>
<!-- Generated by org.testng.reporters.JUnitReportReporter -->
<testsuite hostname="DESKTOP-8FH7UIS" failures="0" tests="1" name="workplace.HotelBooking" time="21.939" errors="0" timestamp="2019-09-11T17:39:58 IST" skipped="0">
  <testcase classname="workplace.HotelBooking" name="shouldBeAbleToSearchForHotels" time="21.939"/>
</testsuite> <!-- workplace.HotelBooking -->
