<?xml version="1.0" encoding="UTF-8"?>
<!-- Generated by org.testng.reporters.JUnitReportReporter -->
<testsuite hostname="DESKTOP-8FH7UIS" failures="0" tests="1" name="workplace.FlightBookingTest" time="6.965" errors="0" timestamp="2019-09-10T16:17:46 IST" skipped="0">
  <testcase classname="workplace.FlightBookingTest" name="testThatResultsAppearForAOneWayJourney" time="6.965"/>
</testsuite> <!-- workplace.FlightBookingTest -->
